<?xml version="1.0" encoding="UTF-8"?>
<robot generator="Robot 3.2.2 (Python 3.8.1 on win32)" generated="20210323 23:46:54.169" rpa="false">
<suite id="s1" name="allTestes" source="C:\Users\angel\Videos\robot\exemplos_indiano\primeiros_testes\allTestes.robot">
<test id="s1-t1" name="MyFirstTest">
<kw name="Log" library="BuiltIn">
<doc>Logs the given message with the given level.</doc>
<arguments>
<arg>Hello World...</arg>
</arguments>
<msg timestamp="20210323 23:46:54.984" level="INFO">Hello World...</msg>
<status status="PASS" starttime="20210323 23:46:54.984" endtime="20210323 23:46:54.984"></status>
</kw>
<tags>
<tag>minha1tag</tag>
</tags>
<status status="PASS" starttime="20210323 23:46:54.983" endtime="20210323 23:46:54.985" critical="yes"></status>
</test>
<test id="s1-t2" name="PrimeiroSeleniumTest">
<kw name="Open Browser" library="SeleniumLibrary">
<doc>Opens a new browser instance to the optional ``url``.</doc>
<arguments>
<arg>https://google.com</arg>
<arg>chrome</arg>
</arguments>
<msg timestamp="20210323 23:46:54.986" level="INFO">Opening browser 'chrome' to base url 'https://google.com'.</msg>
<status status="PASS" starttime="20210323 23:46:54.985" endtime="20210323 23:46:59.888"></status>
</kw>
<kw name="Set Browser Implicit Wait" library="SeleniumLibrary">
<doc>Sets the implicit wait value used by Selenium.</doc>
<arguments>
<arg>5</arg>
</arguments>
<status status="PASS" starttime="20210323 23:46:59.888" endtime="20210323 23:46:59.889"></status>
</kw>
<kw name="Input Text" library="SeleniumLibrary">
<doc>Types the given ``text`` into the text field identified by ``locator``.</doc>
<arguments>
<arg>name=q</arg>
<arg>aline</arg>
</arguments>
<msg timestamp="20210323 23:46:59.889" level="INFO">Typing text 'aline' into text field 'name=q'.</msg>
<status status="PASS" starttime="20210323 23:46:59.889" endtime="20210323 23:47:00.110"></status>
</kw>
<kw name="Click Button" library="SeleniumLibrary">
<doc>Clicks the button identified by ``locator``.</doc>
<arguments>
<arg>name=btnK</arg>
</arguments>
<msg timestamp="20210323 23:47:00.111" level="INFO">Clicking button 'name=btnK'.</msg>
<status status="PASS" starttime="20210323 23:47:00.110" endtime="20210323 23:47:04.375"></status>
</kw>
<kw name="Sleep" library="BuiltIn">
<doc>Pauses the test executed for the given time.</doc>
<arguments>
<arg>2</arg>
</arguments>
<msg timestamp="20210323 23:47:06.381" level="INFO">Slept 2 seconds</msg>
<status status="PASS" starttime="20210323 23:47:04.376" endtime="20210323 23:47:06.381"></status>
</kw>
<kw name="Log" library="BuiltIn">
<doc>Logs the given message with the given level.</doc>
<arguments>
<arg>teste completo</arg>
</arguments>
<msg timestamp="20210323 23:47:06.382" level="INFO">teste completo</msg>
<status status="PASS" starttime="20210323 23:47:06.381" endtime="20210323 23:47:06.382"></status>
</kw>
<kw name="Close Browser" library="SeleniumLibrary">
<doc>Closes the current browser.</doc>
<status status="PASS" starttime="20210323 23:47:06.382" endtime="20210323 23:47:09.182"></status>
</kw>
<status status="PASS" starttime="20210323 23:46:54.985" endtime="20210323 23:47:09.183" critical="yes"></status>
</test>
<test id="s1-t3" name="SimplesLoginTest">
<kw name="Open Browser" library="SeleniumLibrary">
<doc>Opens a new browser instance to the optional ``url``.</doc>
<arguments>
<arg>https://opensource-demo.orangehrmlive.com/</arg>
<arg>chrome</arg>
</arguments>
<msg timestamp="20210323 23:47:09.187" level="INFO">Opening browser 'chrome' to base url 'https://opensource-demo.orangehrmlive.com/'.</msg>
<status status="PASS" starttime="20210323 23:47:09.186" endtime="20210323 23:47:24.848"></status>
</kw>
<kw name="Set Browser Implicit Wait" library="SeleniumLibrary">
<doc>Sets the implicit wait value used by Selenium.</doc>
<arguments>
<arg>5</arg>
</arguments>
<status status="PASS" starttime="20210323 23:47:24.848" endtime="20210323 23:47:24.851"></status>
</kw>
<kw name="Input Text" library="SeleniumLibrary">
<doc>Types the given ``text`` into the text field identified by ``locator``.</doc>
<arguments>
<arg>id=txtUsername</arg>
<arg>Admin</arg>
</arguments>
<msg timestamp="20210323 23:47:24.852" level="INFO">Typing text 'Admin' into text field 'id=txtUsername'.</msg>
<status status="PASS" starttime="20210323 23:47:24.851" endtime="20210323 23:47:25.012"></status>
</kw>
<kw name="Input Password" library="SeleniumLibrary">
<doc>Types the given password into the text field identified by ``locator``.</doc>
<arguments>
<arg>id=txtPassword</arg>
<arg>admin123</arg>
</arguments>
<msg timestamp="20210323 23:47:25.013" level="INFO">Typing password into text field 'id=txtPassword'.</msg>
<msg timestamp="20210323 23:47:25.085" level="INFO">Temporally setting log level to: NONE</msg>
<msg timestamp="20210323 23:47:25.171" level="INFO">Log level changed from NONE to INFO.</msg>
<status status="PASS" starttime="20210323 23:47:25.013" endtime="20210323 23:47:25.172"></status>
</kw>
<kw name="Click Button" library="SeleniumLibrary">
<doc>Clicks the button identified by ``locator``.</doc>
<arguments>
<arg>id=btnLogin</arg>
</arguments>
<msg timestamp="20210323 23:47:25.172" level="INFO">Clicking button 'id=btnLogin'.</msg>
<status status="PASS" starttime="20210323 23:47:25.172" endtime="20210323 23:47:29.193"></status>
</kw>
<kw name="Click Element" library="SeleniumLibrary">
<doc>Click the element identified by ``locator``.</doc>
<arguments>
<arg>id=welcome</arg>
</arguments>
<msg timestamp="20210323 23:47:29.193" level="INFO">Clicking element 'id=welcome'.</msg>
<status status="PASS" starttime="20210323 23:47:29.193" endtime="20210323 23:47:29.290"></status>
</kw>
<kw name="Click Element" library="SeleniumLibrary">
<doc>Click the element identified by ``locator``.</doc>
<arguments>
<arg>link=Logout</arg>
</arguments>
<msg timestamp="20210323 23:47:29.291" level="INFO">Clicking element 'link=Logout'.</msg>
<status status="PASS" starttime="20210323 23:47:29.290" endtime="20210323 23:47:30.099"></status>
</kw>
<kw name="Log" library="BuiltIn">
<doc>Logs the given message with the given level.</doc>
<arguments>
<arg>teste completo</arg>
</arguments>
<msg timestamp="20210323 23:47:30.099" level="INFO">teste completo</msg>
<status status="PASS" starttime="20210323 23:47:30.099" endtime="20210323 23:47:30.099"></status>
</kw>
<kw name="Close Browser" library="SeleniumLibrary">
<doc>Closes the current browser.</doc>
<status status="PASS" starttime="20210323 23:47:30.100" endtime="20210323 23:47:32.647"></status>
</kw>
<doc>this is simple login test</doc>
<status status="PASS" starttime="20210323 23:47:09.184" endtime="20210323 23:47:32.648" critical="yes"></status>
</test>
<test id="s1-t4" name="SimplesLoginComVariavelTest">
<kw name="Open Browser" library="SeleniumLibrary">
<doc>Opens a new browser instance to the optional ``url``.</doc>
<arguments>
<arg>${url}</arg>
<arg>chrome</arg>
</arguments>
<msg timestamp="20210323 23:47:32.658" level="INFO">Opening browser 'chrome' to base url 'https://opensource-demo.orangehrmlive.com/'.</msg>
<status status="PASS" starttime="20210323 23:47:32.654" endtime="20210323 23:47:38.181"></status>
</kw>
<kw name="Set Browser Implicit Wait" library="SeleniumLibrary">
<doc>Sets the implicit wait value used by Selenium.</doc>
<arguments>
<arg>10</arg>
</arguments>
<status status="PASS" starttime="20210323 23:47:38.182" endtime="20210323 23:47:38.184"></status>
</kw>
<kw name="Input Text" library="SeleniumLibrary">
<doc>Types the given ``text`` into the text field identified by ``locator``.</doc>
<arguments>
<arg>id=txtUsername</arg>
<arg>${credenciais}[0]</arg>
</arguments>
<msg timestamp="20210323 23:47:38.185" level="INFO">Typing text 'Admin' into text field 'id=txtUsername'.</msg>
<status status="PASS" starttime="20210323 23:47:38.184" endtime="20210323 23:47:38.346"></status>
</kw>
<kw name="Input Password" library="SeleniumLibrary">
<doc>Types the given password into the text field identified by ``locator``.</doc>
<arguments>
<arg>id=txtPassword</arg>
<arg>${credenciais}[1]</arg>
</arguments>
<msg timestamp="20210323 23:47:38.346" level="INFO">Typing password into text field 'id=txtPassword'.</msg>
<msg timestamp="20210323 23:47:38.419" level="INFO">Temporally setting log level to: NONE</msg>
<msg timestamp="20210323 23:47:38.499" level="INFO">Log level changed from NONE to INFO.</msg>
<status status="PASS" starttime="20210323 23:47:38.346" endtime="20210323 23:47:38.499"></status>
</kw>
<kw name="Click Button" library="SeleniumLibrary">
<doc>Clicks the button identified by ``locator``.</doc>
<arguments>
<arg>id=btnLogin</arg>
</arguments>
<msg timestamp="20210323 23:47:38.499" level="INFO">Clicking button 'id=btnLogin'.</msg>
<status status="PASS" starttime="20210323 23:47:38.499" endtime="20210323 23:47:42.707"></status>
</kw>
<kw name="Click Element" library="SeleniumLibrary">
<doc>Click the element identified by ``locator``.</doc>
<arguments>
<arg>id=welcome</arg>
</arguments>
<msg timestamp="20210323 23:47:42.707" level="INFO">Clicking element 'id=welcome'.</msg>
<status status="PASS" starttime="20210323 23:47:42.707" endtime="20210323 23:47:42.798"></status>
</kw>
<kw name="Click Element" library="SeleniumLibrary">
<doc>Click the element identified by ``locator``.</doc>
<arguments>
<arg>link=Logout</arg>
</arguments>
<msg timestamp="20210323 23:47:42.799" level="INFO">Clicking element 'link=Logout'.</msg>
<status status="PASS" starttime="20210323 23:47:42.798" endtime="20210323 23:47:43.717"></status>
</kw>
<kw name="Log" library="BuiltIn">
<doc>Logs the given message with the given level.</doc>
<arguments>
<arg>teste completo com variaveis</arg>
</arguments>
<msg timestamp="20210323 23:47:43.717" level="INFO">teste completo com variaveis</msg>
<status status="PASS" starttime="20210323 23:47:43.717" endtime="20210323 23:47:43.717"></status>
</kw>
<kw name="Close Browser" library="SeleniumLibrary">
<doc>Closes the current browser.</doc>
<status status="PASS" starttime="20210323 23:47:43.718" endtime="20210323 23:47:46.699"></status>
</kw>
<status status="PASS" starttime="20210323 23:47:32.651" endtime="20210323 23:47:46.700" critical="yes"></status>
</test>
<test id="s1-t5" name="SimplesLoginComMinhasKeywordsVariavelTest">
<kw name="Open Browser" library="SeleniumLibrary">
<doc>Opens a new browser instance to the optional ``url``.</doc>
<arguments>
<arg>${url}</arg>
<arg>chrome</arg>
</arguments>
<msg timestamp="20210323 23:47:46.712" level="INFO">Opening browser 'chrome' to base url 'https://opensource-demo.orangehrmlive.com/'.</msg>
<status status="PASS" starttime="20210323 23:47:46.711" endtime="20210323 23:47:52.827"></status>
</kw>
<kw name="Set Browser Implicit Wait" library="SeleniumLibrary">
<doc>Sets the implicit wait value used by Selenium.</doc>
<arguments>
<arg>20</arg>
</arguments>
<status status="PASS" starttime="20210323 23:47:52.827" endtime="20210323 23:47:52.829"></status>
</kw>
<kw name="logar">
<kw name="Input Text" library="SeleniumLibrary">
<doc>Types the given ``text`` into the text field identified by ``locator``.</doc>
<arguments>
<arg>id=txtUsername</arg>
<arg>${credenciais}[0]</arg>
</arguments>
<msg timestamp="20210323 23:47:52.829" level="INFO">Typing text 'Admin' into text field 'id=txtUsername'.</msg>
<status status="PASS" starttime="20210323 23:47:52.829" endtime="20210323 23:47:52.991"></status>
</kw>
<kw name="Input Password" library="SeleniumLibrary">
<doc>Types the given password into the text field identified by ``locator``.</doc>
<arguments>
<arg>id=txtPassword</arg>
<arg>${credenciais}[1]</arg>
</arguments>
<msg timestamp="20210323 23:47:52.992" level="INFO">Typing password into text field 'id=txtPassword'.</msg>
<msg timestamp="20210323 23:47:53.066" level="INFO">Temporally setting log level to: NONE</msg>
<msg timestamp="20210323 23:47:53.150" level="INFO">Log level changed from NONE to INFO.</msg>
<status status="PASS" starttime="20210323 23:47:52.992" endtime="20210323 23:47:53.150"></status>
</kw>
<kw name="Click Button" library="SeleniumLibrary">
<doc>Clicks the button identified by ``locator``.</doc>
<arguments>
<arg>id=btnLogin</arg>
</arguments>
<msg timestamp="20210323 23:47:53.150" level="INFO">Clicking button 'id=btnLogin'.</msg>
<status status="PASS" starttime="20210323 23:47:53.150" endtime="20210323 23:47:58.436"></status>
</kw>
<status status="PASS" starttime="20210323 23:47:52.829" endtime="20210323 23:47:58.436"></status>
</kw>
<kw name="Click Element" library="SeleniumLibrary">
<doc>Click the element identified by ``locator``.</doc>
<arguments>
<arg>id=welcome</arg>
</arguments>
<msg timestamp="20210323 23:47:58.436" level="INFO">Clicking element 'id=welcome'.</msg>
<status status="PASS" starttime="20210323 23:47:58.436" endtime="20210323 23:47:58.519"></status>
</kw>
<kw name="Click Element" library="SeleniumLibrary">
<doc>Click the element identified by ``locator``.</doc>
<arguments>
<arg>link=Logout</arg>
</arguments>
<msg timestamp="20210323 23:47:58.519" level="INFO">Clicking element 'link=Logout'.</msg>
<status status="PASS" starttime="20210323 23:47:58.519" endtime="20210323 23:47:59.663"></status>
</kw>
<kw name="Close Browser" library="SeleniumLibrary">
<doc>Closes the current browser.</doc>
<status status="PASS" starttime="20210323 23:47:59.663" endtime="20210323 23:48:03.234"></status>
</kw>
<doc>teste completo com variaveis e keywords</doc>
<status status="PASS" starttime="20210323 23:47:46.704" endtime="20210323 23:48:03.235" critical="yes"></status>
</test>
<status status="PASS" starttime="20210323 23:46:54.175" endtime="20210323 23:48:03.239"></status>
</suite>
<statistics>
<total>
<stat pass="5" fail="0">Critical Tests</stat>
<stat pass="5" fail="0">All Tests</stat>
</total>
<tag>
<stat pass="1" fail="0">minha1tag</stat>
</tag>
<suite>
<stat pass="5" fail="0" id="s1" name="allTestes">allTestes</stat>
</suite>
</statistics>
<errors>
</errors>
</robot>
